[2020-05-05 14:53:27] live.ERROR: SQLSTATE[3D000]: Invalid catalog name: 1046 No database selected (SQL: select * from `sessions` where `id` = epzSf0PoOUt9dfsLkFGSCLTZNkJvK2tVaZTfj5kH limit 1) {"exception":"[object] (Illuminate\\Database\\QueryException(code: 3D000): SQLSTATE[3D000]: Invalid catalog name: 1046 No database selected (SQL: select * from `sessions` where `id` = epzSf0PoOUt9dfsLkFGSCLTZNkJvK2tVaZTfj5kH limit 1) at /opt/lampp/htdocs/client/mike-exp_live_05052020/vendor/laravel/framework/src/Illuminate/Database/Connection.php:664, PDOException(code: 3D000): SQLSTATE[3D000]: Invalid catalog name: 1046 No database selected at /opt/lampp/htdocs/client/mike-exp_live_05052020/vendor/laravel/framework/src/Illuminate/Database/Connection.php:326)
[stacktrace]
#0 /opt/lampp/htdocs/client/mike-exp_live_05052020/vendor/laravel/framework/src/Illuminate/Database/Connection.php(624): Illuminate\\Database\\Connection->runQueryCallback('select * from `...', Array, Object(Closure))
#1 /opt/lampp/htdocs/client/mike-exp_live_05052020/vendor/laravel/framework/src/Illuminate/Database/Connection.php(333): Illuminate\\Database\\Connection->run('select * from `...', Array, Object(Closure))
#2 /opt/lampp/htdocs/client/mike-exp_live_05052020/vendor/laravel/framework/src/Illuminate/Database/Query/Builder.php(2130): Illuminate\\Database\\Connection->select('select * from `...', Array, true)
#3 /opt/lampp/htdocs/client/mike-exp_live_05052020/vendor/laravel/framework/src/Illuminate/Database/Query/Builder.php(2118): Illuminate\\Database\\Query\\Builder->runSelect()
#4 /opt/lampp/htdocs/client/mike-exp_live_05052020/vendor/laravel/framework/src/Illuminate/Database/Query/Builder.php(2604): Illuminate\\Database\\Query\\Builder->Illuminate\\Database\\Query\\{closure}()
#5 /opt/lampp/htdocs/client/mike-exp_live_05052020/vendor/laravel/framework/src/Illuminate/Database/Query/Builder.php(2119): Illuminate\\Database\\Query\\Builder->onceWithColumns(Array, Object(Closure))
#6 /opt/lampp/htdocs/client/mike-exp_live_05052020/vendor/laravel/framework/src/Illuminate/Database/Concerns/BuildsQueries.php(77): Illuminate\\Database\\Query\\Builder->get(Array)
#7 /opt/lampp/htdocs/client/mike-exp_live_05052020/vendor/laravel/framework/src/Illuminate/Database/Query/Builder.php(2093): Illuminate\\Database\\Query\\Builder->first(Array)
#8 /opt/lampp/htdocs/client/mike-exp_live_05052020/vendor/laravel/framework/src/Illuminate/Session/DatabaseSessionHandler.php(91): Illuminate\\Database\\Query\\Builder->find('epzSf0PoOUt9dfs...')
#9 /opt/lampp/htdocs/client/mike-exp_live_05052020/vendor/laravel/framework/src/Illuminate/Session/Store.php(97): Illuminate\\Session\\DatabaseSessionHandler->read('epzSf0PoOUt9dfs...')
#10 /opt/lampp/htdocs/client/mike-exp_live_05052020/vendor/laravel/framework/src/Illuminate/Session/Store.php(87): Illuminate\\Session\\Store->readFromHandler()
#11 /opt/lampp/htdocs/client/mike-exp_live_05052020/vendor/laravel/framework/src/Illuminate/Session/Store.php(71): Illuminate\\Session\\Store->loadSession()
#12 /opt/lampp/htdocs/client/mike-exp_live_05052020/vendor/laravel/framework/src/Illuminate/Session/Middleware/StartSession.php(81): Illuminate\\Session\\Store->start()
#13 /opt/lampp/htdocs/client/mike-exp_live_05052020/vendor/laravel/framework/src/Illuminate/Support/helpers.php(1124): Illuminate\\Session\\Middleware\\StartSession->Illuminate\\Session\\Middleware\\{closure}(Object(Illuminate\\Session\\Store))
#14 /opt/lampp/htdocs/client/mike-exp_live_05052020/vendor/laravel/framework/src/Illuminate/Session/Middleware/StartSession.php(82): tap(Object(Illuminate\\Session\\Store), Object(Closure))
#15 /opt/lampp/htdocs/client/mike-exp_live_05052020/vendor/laravel/framework/src/Illuminate/Session/Middleware/StartSession.php(51): Illuminate\\Session\\Middleware\\StartSession->startSession(Object(Illuminate\\Http\\Request))
#16 /opt/lampp/htdocs/client/mike-exp_live_05052020/vendor/laravel/framework/src/Illuminate/Pipeline/Pipeline.php(163): Illuminate\\Session\\Middleware\\StartSession->handle(Object(Illuminate\\Http\\Request), Object(Closure))
#17 /opt/lampp/htdocs/client/mike-exp_live_05052020/vendor/laravel/framework/src/Illuminate/Routing/Pipeline.php(53): Illuminate\\Pipeline\\Pipeline->Illuminate\\Pipeline\\{closure}(Object(Illuminate\\Http\\Request))
#18 /opt/lampp/htdocs/client/mike-exp_live_05052020/app/Http/Middleware/CheckForMaintenanceMode.php(28): Illuminate\\Routing\\Pipeline->Illuminate\\Routing\\{closure}(Object(Illuminate\\Http\\Request))
#19 /opt/lampp/htdocs/client/mike-exp_live_05052020/vendor/laravel/framework/src/Illuminate/Pipeline/Pipeline.php(163): App\\Http\\Middleware\\CheckForMaintenanceMode->handle(Object(Illuminate\\Http\\Request), Object(Closure))
#20 /opt/lampp/htdocs/client/mike-exp_live_05052020/vendor/laravel/framework/src/Illuminate/Routing/Pipeline.php(53): Illuminate\\Pipeline\\Pipeline->Illuminate\\Pipeline\\{closure}(Object(Illuminate\\Http\\Request))
#21 /opt/lampp/htdocs/client/mike-exp_live_05052020/vendor/laravel/framework/src/Illuminate/Pipeline/Pipeline.php(104): Illuminate\\Routing\\Pipeline->Illuminate\\Routing\\{closure}(Object(Illuminate\\Http\\Request))
#22 /opt/lampp/htdocs/client/mike-exp_live_05052020/vendor/laravel/framework/src/Illuminate/Foundation/Http/Kernel.php(151): Illuminate\\Pipeline\\Pipeline->then(Object(Closure))
#23 /opt/lampp/htdocs/client/mike-exp_live_05052020/vendor/laravel/framework/src/Illuminate/Foundation/Http/Kernel.php(116): Illuminate\\Foundation\\Http\\Kernel->sendRequestThroughRouter(Object(Illuminate\\Http\\Request))
#24 /opt/lampp/htdocs/client/mike-exp_live_05052020/public/index.php(53): Illuminate\\Foundation\\Http\\Kernel->handle(Object(Illuminate\\Http\\Request))
#25 {main}
"} 
